<?xml version="1.0" encoding="UTF-8"?>
<!-- Generated by org.testng.reporters.JUnitReportReporter -->
<testsuite hostname="DESKTOP-HC30G76" failures="0" tests="1" name="any.any2" time="0.678" errors="0" timestamp="2023-11-29T20:51:42 EET" skipped="0">
  <testcase classname="any.any2" name="FirstTest" time="0.678"/>
</testsuite> <!-- any.any2 -->
